<?xml version="1.0" encoding="UTF-8"?>
<!-- Generated by org.testng.reporters.JUnitReportReporter -->
<testsuite hostname="DESKTOP-RJV2LV8" failures="0" tests="1" name="tests.PositiveLoginTests" time="10.738" errors="0" timestamp="2021-08-24T22:22:23 CEST" skipped="0">
  <testcase classname="tests.PositiveLoginTests" name="asUserLoginWithCorrectPasswordAndLogin" time="10.738"/>
  <system-out/>
</testsuite> <!-- tests.PositiveLoginTests -->
